<?xml version="1.0" encoding="UTF-8"?>
<!-- Generated by org.testng.reporters.JUnitReportReporter -->
<testsuite hostname="DESKTOP-G415TB4" failures="0" tests="13" name="com.urban.runner.TestRunner" time="323.511" errors="0" timestamp="2021-09-27T10:12:08 IST" skipped="0">
  <testcase classname="com.urban.runner.TestRunner" name="Homepage" time="16.717"/>
  <system-out/>
  <testcase classname="com.urban.runner.TestRunner" name="Compare_products" time="22.105"/>
  <system-out/>
  <testcase classname="com.urban.runner.TestRunner" name="Add_cart" time="34.571"/>
  <system-out/>
  <testcase classname="com.urban.runner.TestRunner" name="Add_cart" time="34.282"/>
  <system-out/>
  <testcase classname="com.urban.runner.TestRunner" name="search_and_verify" time="18.357"/>
  <system-out/>
  <testcase classname="com.urban.runner.TestRunner" name="search_and_verify" time="21.499"/>
  <system-out/>
  <testcase classname="com.urban.runner.TestRunner" name="search_and_verify" time="18.566"/>
  <system-out/>
  <testcase classname="com.urban.runner.TestRunner" name="Counting" time="20.325"/>
  <system-out/>
  <testcase classname="com.urban.runner.TestRunner" name="Wishlist_product" time="24.067"/>
  <system-out/>
  <testcase classname="com.urban.runner.TestRunner" name="ReturningHome" time="29.455"/>
  <system-out/>
  <testcase classname="com.urban.runner.TestRunner" name="Printprice" time="20.732"/>
  <system-out/>
  <testcase classname="com.urban.runner.TestRunner" name="Mapverification" time="25.791"/>
  <system-out/>
  <testcase classname="com.urban.runner.TestRunner" name="playstoreVerification" time="37.044"/>
  <system-out/>
</testsuite> <!-- com.urban.runner.TestRunner -->
